Using pre-set license
Built from '2020.3/staging' branch; Version is '2020.3.18f1 (a7d1c678663c) revision 10998214'; Using compiler version '192528614'; Build Type 'Release'
OS: 'Windows 10 Pro; OS build 19042.1110; Version 2009; 64bit' Language: 'sr' Physical Memory: 8147 MB
BatchMode: 1, IsHumanControllingUs: 0, StartBugReporterOnCrash: 0, Is64bit: 1, IsPro: 0

COMMAND LINE ARGUMENTS:
C:\Program Files\Unity\Hub\Editor\2020.3.18f1\Editor\Unity.exe
-adb2
-batchMode
-noUpm
-name
AssetImportWorker0
-projectPath
C:/Users/PISMO/Desktop/Endless_Runner
-logFile
Logs/AssetImportWorker0.log
-srvPort
61745
Successfully changed project path to: C:/Users/PISMO/Desktop/Endless_Runner
C:/Users/PISMO/Desktop/Endless_Runner
Using Asset Import Pipeline V2.
Refreshing native plugins compatible for Editor in 31.37 ms, found 2 plugins.
Preloading 0 native plugins for Editor in 0.00 ms.
Initialize engine version: 2020.3.18f1 (a7d1c678663c)
[Subsystems] Discovering subsystems at path C:/Program Files/Unity/Hub/Editor/2020.3.18f1/Editor/Data/Resources/UnitySubsystems
[Subsystems] Discovering subsystems at path C:/Users/PISMO/Desktop/Endless_Runner/Assets
GfxDevice: creating device client; threaded=0
Direct3D:
    Version:  Direct3D 11.0 [level 11.1]
    Renderer: NVIDIA GeForce GTX 1060 3GB (ID=0x1c02)
    Vendor:   
    VRAM:     2988 MB
    Driver:   27.21.14.5671
Initialize mono
Mono path[0] = 'C:/Program Files/Unity/Hub/Editor/2020.3.18f1/Editor/Data/Managed'
Mono path[1] = 'C:/Program Files/Unity/Hub/Editor/2020.3.18f1/Editor/Data/MonoBleedingEdge/lib/mono/unityjit'
Mono config path = 'C:/Program Files/Unity/Hub/Editor/2020.3.18f1/Editor/Data/MonoBleedingEdge/etc'
Using monoOptions --debugger-agent=transport=dt_socket,embedding=1,server=y,suspend=n,address=127.0.0.1:56196
Begin MonoManager ReloadAssembly
Registering precompiled unity dll's ...
Register platform support module: C:/Program Files/Unity/Hub/Editor/2020.3.18f1/Editor/Data/PlaybackEngines/WindowsStandaloneSupport/UnityEditor.WindowsStandalone.Extensions.dll
Registered in 0.002858 seconds.
Native extension for WindowsStandalone target not found
Refreshing native plugins compatible for Editor in 29.02 ms, found 2 plugins.
Preloading 0 native plugins for Editor in 0.00 ms.
Mono: successfully reloaded assembly
- Completed reload, in  1.204 seconds
Domain Reload Profiling:
	ReloadAssembly (1204ms)
		BeginReloadAssembly (59ms)
			ExecutionOrderSort (0ms)
			DisableScriptedObjects (0ms)
			BackupInstance (0ms)
			ReleaseScriptingObjects (0ms)
			CreateAndSetChildDomain (1ms)
		EndReloadAssembly (478ms)
			LoadAssemblies (57ms)
			RebuildTransferFunctionScriptingTraits (0ms)
			SetupTypeCache (190ms)
			ReleaseScriptCaches (0ms)
			RebuildScriptCaches (34ms)
			SetupLoadedEditorAssemblies (170ms)
				LogAssemblyErrors (0ms)
				InitializePlatformSupportModulesInManaged (4ms)
				SetLoadedEditorAssemblies (0ms)
				RefreshPlugins (29ms)
				BeforeProcessingInitializeOnLoad (18ms)
				ProcessInitializeOnLoadAttributes (87ms)
				ProcessInitializeOnLoadMethodAttributes (31ms)
				AfterProcessingInitializeOnLoad (0ms)
				EditorAssembliesLoaded (0ms)
			ExecutionOrderSort2 (0ms)
			AwakeInstancesAfterBackupRestoration (0ms)
Platform modules already initialized, skipping
Registering precompiled user dll's ...
Registered in 0.005482 seconds.
Begin MonoManager ReloadAssembly
Native extension for WindowsStandalone target not found
Refreshing native plugins compatible for Editor in 0.29 ms, found 2 plugins.
Preloading 0 native plugins for Editor in 0.00 ms.
Mono: successfully reloaded assembly
- Completed reload, in  1.121 seconds
Domain Reload Profiling:
	ReloadAssembly (1122ms)
		BeginReloadAssembly (181ms)
			ExecutionOrderSort (0ms)
			DisableScriptedObjects (6ms)
			BackupInstance (0ms)
			ReleaseScriptingObjects (0ms)
			CreateAndSetChildDomain (22ms)
		EndReloadAssembly (866ms)
			LoadAssemblies (106ms)
			RebuildTransferFunctionScriptingTraits (0ms)
			SetupTypeCache (283ms)
			ReleaseScriptCaches (0ms)
			RebuildScriptCaches (43ms)
			SetupLoadedEditorAssemblies (337ms)
				LogAssemblyErrors (0ms)
				InitializePlatformSupportModulesInManaged (5ms)
				SetLoadedEditorAssemblies (0ms)
				RefreshPlugins (0ms)
				BeforeProcessingInitializeOnLoad (79ms)
				ProcessInitializeOnLoadAttributes (239ms)
				ProcessInitializeOnLoadMethodAttributes (6ms)
				AfterProcessingInitializeOnLoad (8ms)
				EditorAssembliesLoaded (0ms)
			ExecutionOrderSort2 (0ms)
			AwakeInstancesAfterBackupRestoration (9ms)
Platform modules already initialized, skipping
========================================================================
Worker process is ready to serve import requests
Launched and connected shader compiler UnityShaderCompiler.exe after 0.04 seconds
Refreshing native plugins compatible for Editor in 0.31 ms, found 2 plugins.
Preloading 0 native plugins for Editor in 0.00 ms.
Unloading 1396 Unused Serialized files (Serialized files now loaded: 0)
System memory in use before: 64.8 MB.
System memory in use after: 64.9 MB.

Unloading 16 unused Assets to reduce memory usage. Loaded Objects now: 1831.
Total: 2.993000 ms (FindLiveObjects: 0.183700 ms CreateObjectMapping: 0.061500 ms MarkObjects: 2.665800 ms  DeleteObjects: 0.080600 ms)

AssetImportParameters requested are different than current active one (requested -> active):
  custom:framework-win-MediaFoundation: 216162199b28c13a410421893ffa2e32 -> 
  custom:video-decoder-ogg-theora: a1e56fd34408186e4bbccfd4996cb3dc -> 
  custom:container-muxer-webm: aa71ff27fc2769a1b78a27578f13a17b -> 
  custom:container-demuxer-webm: 4f35f7cbe854078d1ac9338744f61a02 -> 
  custom:container-demuxer-ogg: 62fdf1f143b41e24485cea50d1cbac27 -> 
  custom:video-encoder-webm-vp8: eb34c28f22e8b96e1ab97ce403110664 -> 
  custom:video-decoder-webm-vp8: 9c59270c3fd7afecdb556c50c9e8de78 -> 
  custom:audio-decoder-ogg-vorbis: bf7c407c2cedff20999df2af8eb42d56 -> 
  custom:audio-encoder-webm-vorbis: bf7c407c2cedff20999df2af8eb42d56 -> 
========================================================================
Received Import Request.
  path: Assets
  artifactKey: Guid(00000000000000001000000000000000) Importer(815301076,1909f56bfc062723c751e8b465ee728b)
Start importing Assets using Guid(00000000000000001000000000000000) Importer(815301076,1909f56bfc062723c751e8b465ee728b)  -> (artifact id: '42d402b061de3733987d63b9cc3b64de') in 0.004915 seconds 
  Import took 0.007308 seconds .

========================================================================
Received Import Request.
  Time since last request: 1.950511 seconds.
  path: Assets/Textures
  artifactKey: Guid(56ba093af40c5f447913eae706d519ba) Importer(815301076,1909f56bfc062723c751e8b465ee728b)
Start importing Assets/Textures using Guid(56ba093af40c5f447913eae706d519ba) Importer(815301076,1909f56bfc062723c751e8b465ee728b)  -> (artifact id: '4320917848f474ba028aa999696a5989') in 0.006426 seconds 
  Import took 0.010791 seconds .

========================================================================
Received Import Request.
  Time since last request: 0.000459 seconds.
  path: Assets/Textures
  artifactKey: Guid(56ba093af40c5f447913eae706d519ba) Importer(815301076,1909f56bfc062723c751e8b465ee728b)
Start importing Assets/Textures using Guid(56ba093af40c5f447913eae706d519ba) Importer(815301076,1909f56bfc062723c751e8b465ee728b)  -> (artifact id: '4320917848f474ba028aa999696a5989') in 0.009956 seconds 
  Import took 0.014490 seconds .

========================================================================
Received Import Request.
  Time since last request: 5.832972 seconds.
  path: Assets/Materials
  artifactKey: Guid(5ca40e70440544d4b8bcabc7370e2184) Importer(815301076,1909f56bfc062723c751e8b465ee728b)
Start importing Assets/Materials using Guid(5ca40e70440544d4b8bcabc7370e2184) Importer(815301076,1909f56bfc062723c751e8b465ee728b)  -> (artifact id: '2276db830d5b2d071a41aca63c17750f') in 0.004544 seconds 
  Import took 0.008616 seconds .

========================================================================
Received Import Request.
  Time since last request: 6.018133 seconds.
  path: Assets/Scripts
  artifactKey: Guid(35bf85c90b17fcc4487d1a01e6424089) Importer(815301076,1909f56bfc062723c751e8b465ee728b)
Start importing Assets/Scripts using Guid(35bf85c90b17fcc4487d1a01e6424089) Importer(815301076,1909f56bfc062723c751e8b465ee728b)  -> (artifact id: '32859e6674959516b38d39e285dcc9c2') in 0.003297 seconds 
  Import took 0.006318 seconds .

========================================================================
Received Import Request.
  Time since last request: 556.138209 seconds.
  path: Assets/parket.jfif
  artifactKey: Guid(995ee4c12b6a85448b4402584ec5c619) Importer(815301076,1909f56bfc062723c751e8b465ee728b)
Start importing Assets/parket.jfif using Guid(995ee4c12b6a85448b4402584ec5c619) Importer(815301076,1909f56bfc062723c751e8b465ee728b)  -> (artifact id: 'a00103aa418753b0d681e06071cb054a') in 0.030782 seconds 
  Import took 0.033630 seconds .

========================================================================
Received Import Request.
  Time since last request: 35.074566 seconds.
  path: Assets/parket_2.png
  artifactKey: Guid(d30caef4f018e3f4bbf88b9b877628c8) Importer(815301076,1909f56bfc062723c751e8b465ee728b)
Start importing Assets/parket_2.png using Guid(d30caef4f018e3f4bbf88b9b877628c8) Importer(815301076,1909f56bfc062723c751e8b465ee728b)  -> (artifact id: '0c9c6a050a74c1f6bb3a55b8269c4299') in 0.039600 seconds 
  Import took 0.042628 seconds .

========================================================================
Received Import Request.
  Time since last request: 10.624179 seconds.
  path: Assets/Materials/Parket.mat
  artifactKey: Guid(356cea88c1dae754ab3f39cb8de012d3) Importer(815301076,1909f56bfc062723c751e8b465ee728b)
Start importing Assets/Materials/Parket.mat using Guid(356cea88c1dae754ab3f39cb8de012d3) Importer(815301076,1909f56bfc062723c751e8b465ee728b)  -> (artifact id: '7aac8750d1abf054f3db24d5f1922142') in 0.070054 seconds 
  Import took 0.072685 seconds .

========================================================================
Received Import Request.
  Time since last request: 12.426965 seconds.
  path: Assets/Materials/Parket.mat
  artifactKey: Guid(356cea88c1dae754ab3f39cb8de012d3) Importer(815301076,1909f56bfc062723c751e8b465ee728b)
Start importing Assets/Materials/Parket.mat using Guid(356cea88c1dae754ab3f39cb8de012d3) Importer(815301076,1909f56bfc062723c751e8b465ee728b)  -> (artifact id: '3cabedaeae604852b06ecd1d5463bf4e') in 0.013160 seconds 
  Import took 0.016365 seconds .

========================================================================
Received Import Request.
  Time since last request: 66.823127 seconds.
  path: Assets/steel_1.jfif
  artifactKey: Guid(07e387ed2fb607240b82a04a862fd4d6) Importer(815301076,1909f56bfc062723c751e8b465ee728b)
Start importing Assets/steel_1.jfif using Guid(07e387ed2fb607240b82a04a862fd4d6) Importer(815301076,1909f56bfc062723c751e8b465ee728b)  -> (artifact id: '59f7afe527b888819929d3be5322be41') in 0.004179 seconds 
  Import took 0.007140 seconds .

========================================================================
Received Import Request.
  Time since last request: 39.391238 seconds.
  path: Assets/Materials/Steel.mat
  artifactKey: Guid(dd148c1fd24da20468bd4c1f2eb49861) Importer(815301076,1909f56bfc062723c751e8b465ee728b)
Start importing Assets/Materials/Steel.mat using Guid(dd148c1fd24da20468bd4c1f2eb49861) Importer(815301076,1909f56bfc062723c751e8b465ee728b)  -> (artifact id: '3234b42f21cd47e520b567e4f84d58a9') in 0.013019 seconds 
  Import took 0.015899 seconds .

========================================================================
Received Import Request.
  Time since last request: 13.105087 seconds.
  path: Assets/steel_2.jfif
  artifactKey: Guid(80f953dcbba52854f8d5aa9304222efc) Importer(815301076,1909f56bfc062723c751e8b465ee728b)
Start importing Assets/steel_2.jfif using Guid(80f953dcbba52854f8d5aa9304222efc) Importer(815301076,1909f56bfc062723c751e8b465ee728b)  -> (artifact id: '024e14398ba6f64f923b70dce9f6e2ca') in 0.005231 seconds 
  Import took 0.008432 seconds .

========================================================================
Received Import Request.
  Time since last request: 43.568731 seconds.
  path: Assets/steel_3.jfif
  artifactKey: Guid(bd9a468a53b915e409e32addb3b408b3) Importer(815301076,1909f56bfc062723c751e8b465ee728b)
Start importing Assets/steel_3.jfif using Guid(bd9a468a53b915e409e32addb3b408b3) Importer(815301076,1909f56bfc062723c751e8b465ee728b)  -> (artifact id: '15e6343864f7a795286730b73ed4707e') in 0.004036 seconds 
  Import took 0.010266 seconds .

========================================================================
Received Import Request.
  Time since last request: 0.000672 seconds.
  path: Assets/steel_3.jfif
  artifactKey: Guid(bd9a468a53b915e409e32addb3b408b3) Importer(815301076,1909f56bfc062723c751e8b465ee728b)
Start importing Assets/steel_3.jfif using Guid(bd9a468a53b915e409e32addb3b408b3) Importer(815301076,1909f56bfc062723c751e8b465ee728b)  -> (artifact id: '15e6343864f7a795286730b73ed4707e') in 0.004714 seconds 
  Import took 0.007533 seconds .

========================================================================
Received Import Request.
  Time since last request: 42.204288 seconds.
  path: Assets/steel_4.jfif
  artifactKey: Guid(4b6d435864af6cc47b7287057b5e2a96) Importer(815301076,1909f56bfc062723c751e8b465ee728b)
Start importing Assets/steel_4.jfif using Guid(4b6d435864af6cc47b7287057b5e2a96) Importer(815301076,1909f56bfc062723c751e8b465ee728b)  -> (artifact id: '3b54ca8cb734e8af72fe0481d27bc089') in 0.014403 seconds 
  Import took 0.019386 seconds .

========================================================================
Received Import Request.
  Time since last request: 42.263183 seconds.
  path: Assets/steel_5.jfif
  artifactKey: Guid(670a88b174c26634e9a5af7c1f07bc60) Importer(815301076,1909f56bfc062723c751e8b465ee728b)
Start importing Assets/steel_5.jfif using Guid(670a88b174c26634e9a5af7c1f07bc60) Importer(815301076,1909f56bfc062723c751e8b465ee728b)  -> (artifact id: '8674517d6dd0dfb34589fbc48fc4e53c') in 0.006027 seconds 
  Import took 0.008812 seconds .

========================================================================
Received Import Request.
  Time since last request: 94.988338 seconds.
  path: Assets/steel_6.jfif
  artifactKey: Guid(b7c82b386b3fb0a40ab5fe5715136e97) Importer(815301076,1909f56bfc062723c751e8b465ee728b)
Start importing Assets/steel_6.jfif using Guid(b7c82b386b3fb0a40ab5fe5715136e97) Importer(815301076,1909f56bfc062723c751e8b465ee728b)  -> (artifact id: 'fb63e7b89e22075f68426d5a0e9b4d71') in 0.005580 seconds 
  Import took 0.008754 seconds .

========================================================================
Received Import Request.
  Time since last request: 388.745374 seconds.
  path: Assets/steel_7.jfif
  artifactKey: Guid(7e5f0b7b8b15610478a16198c37a3889) Importer(815301076,1909f56bfc062723c751e8b465ee728b)
Start importing Assets/steel_7.jfif using Guid(7e5f0b7b8b15610478a16198c37a3889) Importer(815301076,1909f56bfc062723c751e8b465ee728b)  -> (artifact id: '6b295aa79988611e1a73d9642e086b61') in 0.005979 seconds 
  Import took 0.008719 seconds .

========================================================================
Received Import Request.
  Time since last request: 363.769708 seconds.
  path: Assets/Textures/steel_9.png
  artifactKey: Guid(123f6357cb3cc9446aa063d638f93249) Importer(815301076,1909f56bfc062723c751e8b465ee728b)
Start importing Assets/Textures/steel_9.png using Guid(123f6357cb3cc9446aa063d638f93249) Importer(815301076,1909f56bfc062723c751e8b465ee728b)  -> (artifact id: '712a6f561c1280ff31d540a980294985') in 0.026533 seconds 
  Import took 0.029766 seconds .

========================================================================
Received Import Request.
  Time since last request: 68.860698 seconds.
  path: Assets/Materials/Steel.mat
  artifactKey: Guid(dd148c1fd24da20468bd4c1f2eb49861) Importer(815301076,1909f56bfc062723c751e8b465ee728b)
Start importing Assets/Materials/Steel.mat using Guid(dd148c1fd24da20468bd4c1f2eb49861) Importer(815301076,1909f56bfc062723c751e8b465ee728b)  -> (artifact id: '7b6cc1fbd61f9b98791a0dd92029a712') in 0.012998 seconds 
  Import took 0.016495 seconds .

AssetImportWorkerClient::OnTransportError - code=2 error=End of file
